            TRNSYS - the TRaNsient SYstem Simulation program

   The Solar Energy Lab at the University of Wisconsin - Madison, USA
Le Centre Scientifique et Technique du Batiment, Sophia Antipolis, France
           Transsolar Energietechnik GmBH, Stuttgart, Germany
        Thermal Energy System Specialists, LLC, Madison Wisconsin, USA

                           Release 18.02.0000
                           User ID  18-D0213

Simulation log for: "C:\Daten\GIT\pytrnsys_gui\data\examplesToBeCompleted\TRIHP_iceSlurry\TRIHP_iceSlurry_mfs.dck"
 
*** Notice at time        :         0.000000
    Generated by Unit     : Not applicable or not available
    Generated by Type     : Not applicable or not available
    Message               : The TRNSYS Executable (TRNExe.exe) and main DLL (TRNDll.dll) are located in "C:\TRNSYS18\Exe"
 
*** Notice at time        :         0.000000
    Generated by Unit     : Not applicable or not available
    Generated by Type     : Not applicable or not available
    TRNSYS Message     90 : TRNDll.dll is compiled in release mode. External DLLs will be loaded from the .\UserLib\ReleaseDLLs\ directory.
    Reported information  : Not available
 
*** Notice at time        :         0.000000
    Generated by Unit     : Not applicable or not available
    Generated by Type     : Not applicable or not available
    Message               : The following Types were loaded from TRNDll.dll: Type150, Type25
 
*** Notice at time        :         0.000000
    Generated by Unit     : Not applicable or not available
    Generated by Type     : Not applicable or not available
    Message               : "aType1215_v7.dll" was found but did not contain any components from the input file.
 
*** Notice at time        :         0.000000
    Generated by Unit     : Not applicable or not available
    Generated by Type     : Not applicable or not available
    Message               : "atype1792_v11-rel.dll" was found but did not contain any components from the input file.
 
*** Notice at time        :         0.000000
    Generated by Unit     : Not applicable or not available
    Generated by Type     : Not applicable or not available
    Message               : "atype1924_v38-rel.dll" was found but did not contain any components from the input file.
 
*** Notice at time        :         0.000000
    Generated by Unit     : Not applicable or not available
    Generated by Type     : Not applicable or not available
    Message               : "atype1925_v38-rel.dll" was found but did not contain any components from the input file.
 
*** Notice at time        :         0.000000
    Generated by Unit     : Not applicable or not available
    Generated by Type     : Not applicable or not available
    Message               : "atype320_v1-rel.dll" was found but did not contain any components from the input file.
 
*** Notice at time        :         0.000000
    Generated by Unit     : Not applicable or not available
    Generated by Type     : Not applicable or not available
    Message               : "aType451_v40-rel.dll" was found but did not contain any components from the input file.
 
*** Notice at time        :         0.000000
    Generated by Unit     : Not applicable or not available
    Generated by Type     : Not applicable or not available
    Message               : "atype5998_v34-rel.dll" was found but did not contain any components from the input file.
 
*** Notice at time        :         0.000000
    Generated by Unit     : Not applicable or not available
    Generated by Type     : Not applicable or not available
    Message               : "atype709_v11-rel.dll" was found but did not contain any components from the input file.
 
*** Notice at time        :         0.000000
    Generated by Unit     : Not applicable or not available
    Generated by Type     : Not applicable or not available
    Message               : The following Types were loaded from "aType811_v2-rel.dll": Type811
 
*** Notice at time        :         0.000000
    Generated by Unit     : Not applicable or not available
    Generated by Type     : Not applicable or not available
    Message               : "aType816_v1-rel.dll" was found but did not contain any components from the input file.
 
*** Notice at time        :         0.000000
    Generated by Unit     : Not applicable or not available
    Generated by Type     : Not applicable or not available
    Message               : "aType817_v1-rel.dll" was found but did not contain any components from the input file.
 
*** Notice at time        :         0.000000
    Generated by Unit     : Not applicable or not available
    Generated by Type     : Not applicable or not available
    Message               : "aType820_v_0_1.dll" was found but did not contain any components from the input file.
 
*** Notice at time        :         0.000000
    Generated by Unit     : Not applicable or not available
    Generated by Type     : Not applicable or not available
    Message               : "aType833_v51-rel.dll" was found but did not contain any components from the input file.
 
*** Notice at time        :         0.000000
    Generated by Unit     : Not applicable or not available
    Generated by Type     : Not applicable or not available
    Message               : "atype861_v12-rel.dll" was found but did not contain any components from the input file.
 
*** Notice at time        :         0.000000
    Generated by Unit     : Not applicable or not available
    Generated by Type     : Not applicable or not available
    Message               : "atype862_v10-rel.dll" was found but did not contain any components from the input file.
 
*** Notice at time        :         0.000000
    Generated by Unit     : Not applicable or not available
    Generated by Type     : Not applicable or not available
    Message               : "atype863_vtest-rel.dll" was found but did not contain any components from the input file.
 
*** Notice at time        :         0.000000
    Generated by Unit     : Not applicable or not available
    Generated by Type     : Not applicable or not available
    Message               : "atype888-v11-rel.dll" was found but did not contain any components from the input file.
 
*** Notice at time        :         0.000000
    Generated by Unit     : Not applicable or not available
    Generated by Type     : Not applicable or not available
    Message               : "aType889_v1-rel.dll" was found but did not contain any components from the input file.
 
*** Notice at time        :         0.000000
    Generated by Unit     : Not applicable or not available
    Generated by Type     : Not applicable or not available
    Message               : The following Types were loaded from "aType929_v10-rel.dll": Type929
 
*** Notice at time        :         0.000000
    Generated by Unit     : Not applicable or not available
    Generated by Type     : Not applicable or not available
    Message               : The following Types were loaded from "aType931_v21-rel.dll": Type931
 
*** Notice at time        :         0.000000
    Generated by Unit     : Not applicable or not available
    Generated by Type     : Not applicable or not available
    Message               : The following Types were loaded from "atype9351_massFlowSolver_v1.0.1.dll": Type9351
 
*** Notice at time        :         0.000000
    Generated by Unit     : Not applicable or not available
    Generated by Type     : Not applicable or not available
    Message               : "aType935_v23-rel.dll" was found but did not contain any components from the input file.
 
*** Notice at time        :         0.000000
    Generated by Unit     : Not applicable or not available
    Generated by Type     : Not applicable or not available
    Message               : "aType951_v15-rel.dll" was found but did not contain any components from the input file.
 
*** Notice at time        :         0.000000
    Generated by Unit     : Not applicable or not available
    Generated by Type     : Not applicable or not available
    Message               : "atype977_v43-rel.dll" was found but did not contain any components from the input file.
 
*** Notice at time        :         0.000000
    Generated by Unit     : Not applicable or not available
    Generated by Type     : Not applicable or not available
    Message               : "atype978-v43-rel.dll" was found but did not contain any components from the input file.
 
*** Notice at time        :         0.000000
    Generated by Unit     : Not applicable or not available
    Generated by Type     : Not applicable or not available
    Message               : "atype979_v10-rel.dll" was found but did not contain any components from the input file.
 
*** Notice at time        :         0.000000
    Generated by Unit     : Not applicable or not available
    Generated by Type     : Not applicable or not available
    Message               : "aType980v1rel.dll" was found but did not contain any components from the input file.
 
*** Notice at time        :         0.000000
    Generated by Unit     : Not applicable or not available
    Generated by Type     : Not applicable or not available
    Message               : "aType993-v1-rel.dll" was found but did not contain any components from the input file.
 
*** Notice at time        :         0.000000
    Generated by Unit     : Not applicable or not available
    Generated by Type     : Not applicable or not available
    Message               : "DS_Illuminance.dll" was found but did not contain any components from the input file.
 
*** Notice at time        :         0.000000
    Generated by Unit     : Not applicable or not available
    Generated by Type     : Not applicable or not available
    Message               : "TESSApplicationsLibrary_v17.2.01_Release.dll" was found but did not contain any components from the input file.
 
*** Notice at time        :         0.000000
    Generated by Unit     : Not applicable or not available
    Generated by Type     : Not applicable or not available
    Message               : "TESSArchiveDLL_v17.2.01_Release.dll" was found but did not contain any components from the input file.
 
*** Notice at time        :         0.000000
    Generated by Unit     : Not applicable or not available
    Generated by Type     : Not applicable or not available
    Message               : "TESSCogenLibrary_v17.2.01_Release.dll" was found but did not contain any components from the input file.
 
*** Notice at time        :         0.000000
    Generated by Unit     : Not applicable or not available
    Generated by Type     : Not applicable or not available
    Message               : "TESSControllersLibrary_v17.2.01_Release.dll" was found but did not contain any components from the input file.
 
*** Notice at time        :         0.000000
    Generated by Unit     : Not applicable or not available
    Generated by Type     : Not applicable or not available
    Message               : "TESSElectricalLibrary_v17.2.01_Release.dll" was found but did not contain any components from the input file.
 
*** Notice at time        :         0.000000
    Generated by Unit     : Not applicable or not available
    Generated by Type     : Not applicable or not available
    Message               : "TESSGHPLibrary_v17.2.01_Release.dll" was found but did not contain any components from the input file.
 
*** Notice at time        :         0.000000
    Generated by Unit     : Not applicable or not available
    Generated by Type     : Not applicable or not available
    Message               : "TESSGroundCouplingLibrary_v17.2.01_Release.dll" was found but did not contain any components from the input file.
 
*** Notice at time        :         0.000000
    Generated by Unit     : Not applicable or not available
    Generated by Type     : Not applicable or not available
    Message               : "TESSGroundCouplingType1244_v17.2.01_Release.dll" was found but did not contain any components from the input file.
 
*** Notice at time        :         0.000000
    Generated by Unit     : Not applicable or not available
    Generated by Type     : Not applicable or not available
    Message               : "TESSGroundCouplingType1255_v17.2.01_Release.dll" was found but did not contain any components from the input file.
 
*** Notice at time        :         0.000000
    Generated by Unit     : Not applicable or not available
    Generated by Type     : Not applicable or not available
    Message               : "TESSGroundCouplingType1256_v17.2.01_Release.dll" was found but did not contain any components from the input file.
 
*** Notice at time        :         0.000000
    Generated by Unit     : Not applicable or not available
    Generated by Type     : Not applicable or not available
    Message               : "TESSGroundCouplingType957_v17.2.01_Release.dll" was found but did not contain any components from the input file.
 
*** Notice at time        :         0.000000
    Generated by Unit     : Not applicable or not available
    Generated by Type     : Not applicable or not available
    Message               : "TESSGroundCouplingType993_v17.2.01_Release.dll" was found but did not contain any components from the input file.
 
*** Notice at time        :         0.000000
    Generated by Unit     : Not applicable or not available
    Generated by Type     : Not applicable or not available
    Message               : "TESSHTSLibrary_v17.2.01_Release.dll" was found but did not contain any components from the input file.
 
*** Warning at time       :         0.000000
    Generated by Unit     : Not applicable or not available
    Generated by Type     :   929
    TRNSYS Message    200 : This TYPE was found in more than one DLL. The first instance of the TYPE was loaded. Subsequent instances have been ignored
    Reported information  : A duplicate of TYPE929 was found in "TESSHVACLibrary_v17.2.01_Release.dll"
 
*** Notice at time        :         0.000000
    Generated by Unit     : Not applicable or not available
    Generated by Type     : Not applicable or not available
    Message               : The following Types were loaded from "TESSHVACLibrary_v17.2.01_Release.dll":
 
*** Notice at time        :         0.000000
    Generated by Unit     : Not applicable or not available
    Generated by Type     : Not applicable or not available
    Message               : "TESSHydronics_v17.2.01_Release.dll" was found but did not contain any components from the input file.
 
*** Notice at time        :         0.000000
    Generated by Unit     : Not applicable or not available
    Generated by Type     : Not applicable or not available
    Message               : "TESSLoadsStructuresLibrary_v17.2.01_Release.dll" was found but did not contain any components from the input file.
 
*** Notice at time        :         0.000000
    Generated by Unit     : Not applicable or not available
    Generated by Type     : Not applicable or not available
    Message               : "TESSOptimizationLibrary_v17.2.01_Release.dll" was found but did not contain any components from the input file.
 
*** Notice at time        :         0.000000
    Generated by Unit     : Not applicable or not available
    Generated by Type     : Not applicable or not available
    Message               : "TESSSolarLibrary_v17.2.01_Release.dll" was found but did not contain any components from the input file.
 
*** Notice at time        :         0.000000
    Generated by Unit     : Not applicable or not available
    Generated by Type     : Not applicable or not available
    Message               : "TESSStorageLibrary_v17.2.01_Release.dll" was found but did not contain any components from the input file.
 
*** Notice at time        :         0.000000
    Generated by Unit     : Not applicable or not available
    Generated by Type     : Not applicable or not available
    Message               : "TESSUtilityLibrary_v17.2.01_Release.dll" was found but did not contain any components from the input file.
 
*** Notice at time        :         0.000000
    Generated by Unit     : Not applicable or not available
    Generated by Type     : Not applicable or not available
    Message               : "Type1217.dll" was found but did not contain any components from the input file.
 
*** Notice at time        :         0.000000
    Generated by Unit     : Not applicable or not available
    Generated by Type     : Not applicable or not available
    Message               : "Type159.dll" was found but did not contain any components from the input file.
 
*** Notice at time        :         0.000000
    Generated by Unit     : Not applicable or not available
    Generated by Type     : Not applicable or not available
    Message               : "Type169.dll" was found but did not contain any components from the input file.
 
*** Notice at time        :         0.000000
    Generated by Unit     : Not applicable or not available
    Generated by Type     : Not applicable or not available
    Message               : "Type201_bs.dll" was found but did not contain any components from the input file.
 
*** Notice at time        :         0.000000
    Generated by Unit     : Not applicable or not available
    Generated by Type     : Not applicable or not available
    Message               : "Type56.dll" was found but did not contain any components from the input file.
 
*** Notice at time        :         0.000000
    Generated by Unit     : Not applicable or not available
    Generated by Type     : Not applicable or not available
    Message               : "Type76Lib.dll" was found but did not contain any components from the input file.
 
*** Notice at time        :         0.000000
    Generated by Unit     : Not applicable or not available
    Generated by Type     : Not applicable or not available
    Message               : "Type82Lib.dll" was found but did not contain any components from the input file.
 
*** Notice at time        :         0.000000
    Generated by Unit     : Not applicable or not available
    Generated by Type     : Not applicable or not available
    Message               : "type865.dll" was found but did not contain any components from the input file.
 
*** Notice at time        :         0.000000
    Generated by Unit     : Not applicable or not available
    Generated by Type     : Not applicable or not available
    Message               : "type982.dll" was found but did not contain any components from the input file.
 
*** Notice at time        :         0.000000
    Generated by Unit     : Not applicable or not available
    Generated by Type     : Not applicable or not available
    Message               : "Type983.dll" was found but did not contain any components from the input file.
 
*** Notice at time        :         0.000000
    Generated by Unit     : Not applicable or not available
    Generated by Type     : Not applicable or not available
    TRNSYS Message    199 : TRNSYS found at least one user DLL in the UserLib directory. (Note: Only DLL's including Types that are used in the simulation are loaded)
    Reported information  : 5 user DLLs were loaded after searching in "C:\TRNSYS18\UserLib\ReleaseDLLs"
 
*** Warning at time       :         1.000000
    Generated by Unit     :   462
    Generated by Type     :   931
    Message               : The pipe model has reported that the flow rate through the pipe during at least one of the timesteps was greater than the capacity of the pipe.  Users should be aware that at least one component in a closed piping loop should contain enough capacitance to hold at least one timesteps worth of fluid or a run-away solution may be encountered.
 
*** Warning at time       :         1.000000
    Generated by Unit     :   466
    Generated by Type     :   931
    Message               : The pipe model has reported that the flow rate through the pipe during at least one of the timesteps was greater than the capacity of the pipe.  Users should be aware that at least one component in a closed piping loop should contain enough capacitance to hold at least one timesteps worth of fluid or a run-away solution may be encountered.
 
*** Warning at time       :         1.000000
    Generated by Unit     :   471
    Generated by Type     :   931
    Message               : The pipe model has reported that the flow rate through the pipe during at least one of the timesteps was greater than the capacity of the pipe.  Users should be aware that at least one component in a closed piping loop should contain enough capacitance to hold at least one timesteps worth of fluid or a run-away solution may be encountered.
 
*** Warning at time       :         1.000000
    Generated by Unit     :   472
    Generated by Type     :   931
    Message               : The pipe model has reported that the flow rate through the pipe during at least one of the timesteps was greater than the capacity of the pipe.  Users should be aware that at least one component in a closed piping loop should contain enough capacitance to hold at least one timesteps worth of fluid or a run-away solution may be encountered.
 
*** Warning at time       :         1.000000
    Generated by Unit     :   475
    Generated by Type     :   931
    Message               : The pipe model has reported that the flow rate through the pipe during at least one of the timesteps was greater than the capacity of the pipe.  Users should be aware that at least one component in a closed piping loop should contain enough capacitance to hold at least one timesteps worth of fluid or a run-away solution may be encountered.
 
*** Warning at time       :         1.000000
    Generated by Unit     :   477
    Generated by Type     :   931
    Message               : The pipe model has reported that the flow rate through the pipe during at least one of the timesteps was greater than the capacity of the pipe.  Users should be aware that at least one component in a closed piping loop should contain enough capacitance to hold at least one timesteps worth of fluid or a run-away solution may be encountered.
 
*** Warning at time       :         1.000000
    Generated by Unit     :   479
    Generated by Type     :   931
    Message               : The pipe model has reported that the flow rate through the pipe during at least one of the timesteps was greater than the capacity of the pipe.  Users should be aware that at least one component in a closed piping loop should contain enough capacitance to hold at least one timesteps worth of fluid or a run-away solution may be encountered.
 
*** Warning at time       :         1.000000
    Generated by Unit     :   481
    Generated by Type     :   931
    Message               : The pipe model has reported that the flow rate through the pipe during at least one of the timesteps was greater than the capacity of the pipe.  Users should be aware that at least one component in a closed piping loop should contain enough capacitance to hold at least one timesteps worth of fluid or a run-away solution may be encountered.
 
*** Warning at time       :         1.000000
    Generated by Unit     :   483
    Generated by Type     :   931
    Message               : The pipe model has reported that the flow rate through the pipe during at least one of the timesteps was greater than the capacity of the pipe.  Users should be aware that at least one component in a closed piping loop should contain enough capacitance to hold at least one timesteps worth of fluid or a run-away solution may be encountered.
 
*** Warning at time       :         1.000000
    Generated by Unit     :   484
    Generated by Type     :   931
    Message               : The pipe model has reported that the flow rate through the pipe during at least one of the timesteps was greater than the capacity of the pipe.  Users should be aware that at least one component in a closed piping loop should contain enough capacitance to hold at least one timesteps worth of fluid or a run-away solution may be encountered.
 
*** Warning at time       :         1.000000
    Generated by Unit     :   485
    Generated by Type     :   931
    Message               : The pipe model has reported that the flow rate through the pipe during at least one of the timesteps was greater than the capacity of the pipe.  Users should be aware that at least one component in a closed piping loop should contain enough capacitance to hold at least one timesteps worth of fluid or a run-away solution may be encountered.
 
*** Warning at time       :         1.000000
    Generated by Unit     :   486
    Generated by Type     :   931
    Message               : The pipe model has reported that the flow rate through the pipe during at least one of the timesteps was greater than the capacity of the pipe.  Users should be aware that at least one component in a closed piping loop should contain enough capacitance to hold at least one timesteps worth of fluid or a run-away solution may be encountered.
 
*** Warning at time       :         1.000000
    Generated by Unit     :   487
    Generated by Type     :   931
    Message               : The pipe model has reported that the flow rate through the pipe during at least one of the timesteps was greater than the capacity of the pipe.  Users should be aware that at least one component in a closed piping loop should contain enough capacitance to hold at least one timesteps worth of fluid or a run-away solution may be encountered.
 
*** Warning at time       :         1.000000
    Generated by Unit     :   488
    Generated by Type     :   931
    Message               : The pipe model has reported that the flow rate through the pipe during at least one of the timesteps was greater than the capacity of the pipe.  Users should be aware that at least one component in a closed piping loop should contain enough capacitance to hold at least one timesteps worth of fluid or a run-away solution may be encountered.
 
*** Warning at time       :         1.000000
    Generated by Unit     :   489
    Generated by Type     :   931
    Message               : The pipe model has reported that the flow rate through the pipe during at least one of the timesteps was greater than the capacity of the pipe.  Users should be aware that at least one component in a closed piping loop should contain enough capacitance to hold at least one timesteps worth of fluid or a run-away solution may be encountered.
 
*** Warning at time       :         1.000000
    Generated by Unit     :   496
    Generated by Type     :   931
    Message               : The pipe model has reported that the flow rate through the pipe during at least one of the timesteps was greater than the capacity of the pipe.  Users should be aware that at least one component in a closed piping loop should contain enough capacitance to hold at least one timesteps worth of fluid or a run-away solution may be encountered.
 
*** Warning at time       :         1.000000
    Generated by Unit     :   497
    Generated by Type     :   931
    Message               : The pipe model has reported that the flow rate through the pipe during at least one of the timesteps was greater than the capacity of the pipe.  Users should be aware that at least one component in a closed piping loop should contain enough capacitance to hold at least one timesteps worth of fluid or a run-away solution may be encountered.
 
*** Warning at time       :         1.000000
    Generated by Unit     :   498
    Generated by Type     :   931
    Message               : The pipe model has reported that the flow rate through the pipe during at least one of the timesteps was greater than the capacity of the pipe.  Users should be aware that at least one component in a closed piping loop should contain enough capacitance to hold at least one timesteps worth of fluid or a run-away solution may be encountered.
 
*** Warning at time       :         1.000000
    Generated by Unit     :   499
    Generated by Type     :   931
    Message               : The pipe model has reported that the flow rate through the pipe during at least one of the timesteps was greater than the capacity of the pipe.  Users should be aware that at least one component in a closed piping loop should contain enough capacitance to hold at least one timesteps worth of fluid or a run-away solution may be encountered.
 
*** Warning at time       :         1.000000
    Generated by Unit     :   502
    Generated by Type     :   931
    Message               : The pipe model has reported that the flow rate through the pipe during at least one of the timesteps was greater than the capacity of the pipe.  Users should be aware that at least one component in a closed piping loop should contain enough capacitance to hold at least one timesteps worth of fluid or a run-away solution may be encountered.
 
*** Warning at time       :         1.000000
    Generated by Unit     :   504
    Generated by Type     :   931
    Message               : The pipe model has reported that the flow rate through the pipe during at least one of the timesteps was greater than the capacity of the pipe.  Users should be aware that at least one component in a closed piping loop should contain enough capacitance to hold at least one timesteps worth of fluid or a run-away solution may be encountered.
 
*** Warning at time       :         1.000000
    Generated by Unit     :   505
    Generated by Type     :   931
    Message               : The pipe model has reported that the flow rate through the pipe during at least one of the timesteps was greater than the capacity of the pipe.  Users should be aware that at least one component in a closed piping loop should contain enough capacitance to hold at least one timesteps worth of fluid or a run-away solution may be encountered.
 
*** Warning at time       :         1.000000
    Generated by Unit     :   506
    Generated by Type     :   931
    Message               : The pipe model has reported that the flow rate through the pipe during at least one of the timesteps was greater than the capacity of the pipe.  Users should be aware that at least one component in a closed piping loop should contain enough capacitance to hold at least one timesteps worth of fluid or a run-away solution may be encountered.
 
*** Warning at time       :         1.000000
    Generated by Unit     :   507
    Generated by Type     :   931
    Message               : The pipe model has reported that the flow rate through the pipe during at least one of the timesteps was greater than the capacity of the pipe.  Users should be aware that at least one component in a closed piping loop should contain enough capacitance to hold at least one timesteps worth of fluid or a run-away solution may be encountered.
 
*** Warning at time       :         1.000000
    Generated by Unit     :   508
    Generated by Type     :   931
    Message               : The pipe model has reported that the flow rate through the pipe during at least one of the timesteps was greater than the capacity of the pipe.  Users should be aware that at least one component in a closed piping loop should contain enough capacitance to hold at least one timesteps worth of fluid or a run-away solution may be encountered.
 
*** Warning at time       :         1.000000
    Generated by Unit     :   509
    Generated by Type     :   931
    Message               : The pipe model has reported that the flow rate through the pipe during at least one of the timesteps was greater than the capacity of the pipe.  Users should be aware that at least one component in a closed piping loop should contain enough capacitance to hold at least one timesteps worth of fluid or a run-away solution may be encountered.
 
*** Warning at time       :         1.000000
    Generated by Unit     :   510
    Generated by Type     :   931
    Message               : The pipe model has reported that the flow rate through the pipe during at least one of the timesteps was greater than the capacity of the pipe.  Users should be aware that at least one component in a closed piping loop should contain enough capacitance to hold at least one timesteps worth of fluid or a run-away solution may be encountered.
 
*** Warning at time       :         1.000000
    Generated by Unit     :   511
    Generated by Type     :   931
    Message               : The pipe model has reported that the flow rate through the pipe during at least one of the timesteps was greater than the capacity of the pipe.  Users should be aware that at least one component in a closed piping loop should contain enough capacitance to hold at least one timesteps worth of fluid or a run-away solution may be encountered.
 
*** Warning at time       :         1.000000
    Generated by Unit     :   512
    Generated by Type     :   931
    Message               : The pipe model has reported that the flow rate through the pipe during at least one of the timesteps was greater than the capacity of the pipe.  Users should be aware that at least one component in a closed piping loop should contain enough capacitance to hold at least one timesteps worth of fluid or a run-away solution may be encountered.
 
*** Warning at time       :         1.000000
    Generated by Unit     :   514
    Generated by Type     :   931
    Message               : The pipe model has reported that the flow rate through the pipe during at least one of the timesteps was greater than the capacity of the pipe.  Users should be aware that at least one component in a closed piping loop should contain enough capacitance to hold at least one timesteps worth of fluid or a run-away solution may be encountered.
 
*** Warning at time       :         1.000000
    Generated by Unit     :   515
    Generated by Type     :   931
    Message               : The pipe model has reported that the flow rate through the pipe during at least one of the timesteps was greater than the capacity of the pipe.  Users should be aware that at least one component in a closed piping loop should contain enough capacitance to hold at least one timesteps worth of fluid or a run-away solution may be encountered.
 
*** Warning at time       :         1.000000
    Generated by Unit     :   516
    Generated by Type     :   931
    Message               : The pipe model has reported that the flow rate through the pipe during at least one of the timesteps was greater than the capacity of the pipe.  Users should be aware that at least one component in a closed piping loop should contain enough capacitance to hold at least one timesteps worth of fluid or a run-away solution may be encountered.
 
*** Warning at time       :         1.000000
    Generated by Unit     :   517
    Generated by Type     :   931
    Message               : The pipe model has reported that the flow rate through the pipe during at least one of the timesteps was greater than the capacity of the pipe.  Users should be aware that at least one component in a closed piping loop should contain enough capacitance to hold at least one timesteps worth of fluid or a run-away solution may be encountered.
 
*** Warning at time       :         1.000000
    Generated by Unit     :   518
    Generated by Type     :   931
    Message               : The pipe model has reported that the flow rate through the pipe during at least one of the timesteps was greater than the capacity of the pipe.  Users should be aware that at least one component in a closed piping loop should contain enough capacitance to hold at least one timesteps worth of fluid or a run-away solution may be encountered.
 
*** Warning at time       :         1.000000
    Generated by Unit     :   519
    Generated by Type     :   931
    Message               : The pipe model has reported that the flow rate through the pipe during at least one of the timesteps was greater than the capacity of the pipe.  Users should be aware that at least one component in a closed piping loop should contain enough capacitance to hold at least one timesteps worth of fluid or a run-away solution may be encountered.
 
*** Warning at time       :         1.000000
    Generated by Unit     :   520
    Generated by Type     :   931
    Message               : The pipe model has reported that the flow rate through the pipe during at least one of the timesteps was greater than the capacity of the pipe.  Users should be aware that at least one component in a closed piping loop should contain enough capacitance to hold at least one timesteps worth of fluid or a run-away solution may be encountered.
 
*** Warning at time       :         1.000000
    Generated by Unit     :   521
    Generated by Type     :   931
    Message               : The pipe model has reported that the flow rate through the pipe during at least one of the timesteps was greater than the capacity of the pipe.  Users should be aware that at least one component in a closed piping loop should contain enough capacitance to hold at least one timesteps worth of fluid or a run-away solution may be encountered.
 
*** Warning at time       :         1.000000
    Generated by Unit     :   524
    Generated by Type     :   931
    Message               : The pipe model has reported that the flow rate through the pipe during at least one of the timesteps was greater than the capacity of the pipe.  Users should be aware that at least one component in a closed piping loop should contain enough capacitance to hold at least one timesteps worth of fluid or a run-away solution may be encountered.
 
*** Warning at time       :         1.000000
    Generated by Unit     :   525
    Generated by Type     :   931
    Message               : The pipe model has reported that the flow rate through the pipe during at least one of the timesteps was greater than the capacity of the pipe.  Users should be aware that at least one component in a closed piping loop should contain enough capacitance to hold at least one timesteps worth of fluid or a run-away solution may be encountered.
 
*** Warning at time       :         1.000000
    Generated by Unit     :   527
    Generated by Type     :   931
    Message               : The pipe model has reported that the flow rate through the pipe during at least one of the timesteps was greater than the capacity of the pipe.  Users should be aware that at least one component in a closed piping loop should contain enough capacitance to hold at least one timesteps worth of fluid or a run-away solution may be encountered.
 
*** End of the simulation
    Total Notices         :        63
    Total Warnings        :        41
    Total Fatal Errors    :         0
 
    Total TRNSYS Calculation Time     :             1.5300 seconds
    Calculation time inside the Types :             0.0500 seconds
 
    TRNSYS Calculation Time Breakdown by Unit Number
    Unit   441 :           0.000000 seconds
    Unit   450 :           0.000000 seconds
    Unit   451 :           0.000000 seconds
    Unit   452 :           0.000000 seconds
    Unit   453 :           0.000000 seconds
    Unit   454 :           0.000000 seconds
    Unit   455 :           0.000000 seconds
    Unit   456 :           0.000000 seconds
    Unit   457 :           0.000000 seconds
    Unit   458 :           0.000000 seconds
    Unit   459 :           0.000000 seconds
    Unit   460 :           0.000000 seconds
    Unit   461 :           0.000000 seconds
    Unit   462 :           0.000000 seconds
    Unit   463 :           0.000000 seconds
    Unit   464 :           0.000000 seconds
    Unit   465 :           0.000000 seconds
    Unit   466 :           0.000000 seconds
    Unit   467 :           0.000000 seconds
    Unit   468 :           0.000000 seconds
    Unit   469 :           0.000000 seconds
    Unit   470 :           0.000000 seconds
    Unit   471 :           0.000000 seconds
    Unit   472 :           0.000000 seconds
    Unit   473 :           0.000000 seconds
    Unit   474 :           0.000000 seconds
    Unit   475 :           0.000000 seconds
    Unit   476 :           0.000000 seconds
    Unit   477 :           0.000000 seconds
    Unit   478 :           0.000000 seconds
    Unit   479 :           0.000000 seconds
    Unit   480 :           0.000000 seconds
    Unit   481 :           0.000000 seconds
    Unit   482 :           0.000000 seconds
    Unit   483 :           0.000000 seconds
    Unit   484 :           0.000000 seconds
    Unit   485 :           0.000000 seconds
    Unit   486 :           0.010000 seconds
    Unit   487 :           0.000000 seconds
    Unit   488 :           0.000000 seconds
    Unit   489 :           0.000000 seconds
    Unit   490 :           0.000000 seconds
    Unit   491 :           0.000000 seconds
    Unit   492 :           0.000000 seconds
    Unit   493 :           0.000000 seconds
    Unit   494 :           0.000000 seconds
    Unit   495 :           0.000000 seconds
    Unit   496 :           0.000000 seconds
    Unit   497 :           0.000000 seconds
    Unit   498 :           0.000000 seconds
    Unit   499 :           0.000000 seconds
    Unit   500 :           0.000000 seconds
    Unit   501 :           0.000000 seconds
    Unit   502 :           0.010000 seconds
    Unit   503 :           0.000000 seconds
    Unit   504 :           0.000000 seconds
    Unit   505 :           0.000000 seconds
    Unit   506 :           0.000000 seconds
    Unit   507 :           0.000000 seconds
    Unit   508 :           0.000000 seconds
    Unit   509 :           0.000000 seconds
    Unit   510 :           0.000000 seconds
    Unit   511 :           0.010000 seconds
    Unit   512 :           0.000000 seconds
    Unit   513 :           0.000000 seconds
    Unit   514 :           0.000000 seconds
    Unit   515 :           0.000000 seconds
    Unit   516 :           0.000000 seconds
    Unit   517 :           0.000000 seconds
    Unit   518 :           0.010000 seconds
    Unit   519 :           0.000000 seconds
    Unit   520 :           0.000000 seconds
    Unit   521 :           0.000000 seconds
    Unit   522 :           0.000000 seconds
    Unit   523 :           0.000000 seconds
    Unit   524 :           0.000000 seconds
    Unit   525 :           0.010000 seconds
    Unit   526 :           0.000000 seconds
    Unit   527 :           0.000000 seconds
    Unit   100 :           0.000000 seconds
    Unit   528 :           0.000000 seconds
    Unit   529 :           0.000000 seconds
 
    TRNSYS Calculation Time Breakdown by Type Number
    Type    25 :           0.000000 seconds
    Type   150 :           0.000000 seconds
    Type   811 :           0.000000 seconds
    Type   929 :           0.000000 seconds
    Type   931 :           0.050000 seconds
    Type  9351 :           0.000000 seconds
 
    TRNSYS Iterative Call Breakdown by Unit Number
    Unit   441 :                 95 calls
    Unit   450 :                 63 calls
    Unit   451 :                 95 calls
    Unit   452 :                 95 calls
    Unit   453 :                 96 calls
    Unit   454 :                 95 calls
    Unit   455 :                 98 calls
    Unit   456 :                101 calls
    Unit   457 :                 95 calls
    Unit   458 :                 95 calls
    Unit   459 :                 67 calls
    Unit   460 :                 65 calls
    Unit   461 :                 93 calls
    Unit   462 :                 65 calls
    Unit   463 :                 93 calls
    Unit   464 :                 98 calls
    Unit   465 :                 71 calls
    Unit   466 :                 68 calls
    Unit   467 :                104 calls
    Unit   468 :                 95 calls
    Unit   469 :                 98 calls
    Unit   470 :                101 calls
    Unit   471 :                 71 calls
    Unit   472 :                 71 calls
    Unit   473 :                 67 calls
    Unit   474 :                104 calls
    Unit   475 :                 74 calls
    Unit   476 :                 74 calls
    Unit   477 :                 67 calls
    Unit   478 :                 67 calls
    Unit   479 :                 65 calls
    Unit   480 :                 65 calls
    Unit   481 :                 65 calls
    Unit   482 :                 68 calls
    Unit   483 :                 65 calls
    Unit   484 :                 68 calls
    Unit   485 :                 68 calls
    Unit   486 :                 77 calls
    Unit   487 :                 73 calls
    Unit   488 :                 65 calls
    Unit   489 :                 68 calls
    Unit   490 :                 70 calls
    Unit   491 :                 70 calls
    Unit   492 :                 93 calls
    Unit   493 :                 93 calls
    Unit   494 :                 93 calls
    Unit   495 :                 73 calls
    Unit   496 :                 74 calls
    Unit   497 :                 68 calls
    Unit   498 :                 77 calls
    Unit   499 :                 73 calls
    Unit   500 :                 95 calls
    Unit   501 :                 93 calls
    Unit   502 :                 65 calls
    Unit   503 :                 93 calls
    Unit   504 :                 65 calls
    Unit   505 :                 67 calls
    Unit   506 :                 65 calls
    Unit   507 :                 65 calls
    Unit   508 :                 63 calls
    Unit   509 :                 63 calls
    Unit   510 :                 65 calls
    Unit   511 :                 68 calls
    Unit   512 :                 65 calls
    Unit   513 :                 66 calls
    Unit   514 :                 65 calls
    Unit   515 :                 66 calls
    Unit   516 :                 68 calls
    Unit   517 :                 65 calls
    Unit   518 :                 68 calls
    Unit   519 :                 65 calls
    Unit   520 :                 68 calls
    Unit   521 :                 68 calls
    Unit   522 :                100 calls
    Unit   523 :                 70 calls
    Unit   524 :                 70 calls
    Unit   525 :                 69 calls
    Unit   526 :                 93 calls
    Unit   527 :                 65 calls
    Unit   100 :                 72 calls
    Unit   528 :                 33 calls
    Unit   529 :                 33 calls
