            TRNSYS - the TRaNsient SYstem Simulation program

   The Solar Energy Lab at the University of Wisconsin - Madison, USA
Le Centre Scientifique et Technique du Batiment, Sophia Antipolis, France
           Transsolar Energietechnik GmBH, Stuttgart, Germany
        Thermal Energy System Specialists, LLC, Madison Wisconsin, USA

                           Release 17.02.0004

Listing file for: "C:\GIT\pytrnsys_gui\data\examples\PvAshpDhwShMfh_new\PvAshpDhwShMfh.dck"
 
*** Notice at time        :         0.000000
    Generated by Unit     : Not applicable or not available
    Generated by Type     : Not applicable or not available
    Message               : The TRNSYS Executable (TRNExe.exe) and main DLL (TRNDll.dll) are located in "C:\TRNSYS17\Exe"
 

 *** Pre-Processing the TRNSYS EQUATIONs and CONSTANTs to check for fatal errors.



**********************************************************************                                                                                                                                                                                                                                                                                                                                                                                                                                                                                                                                                                                                                                                                                                                                                                                                                                                                                                                                                                  
** head.ddck from C:\GIT\pytrnsys_gui\data\examples\PvAshpDhwShMfh\ddck\generic                                                                                                                                                                                                                                                                                                                                                                                                                                                                                                                                                                                                                                                                                                                                                                                                                                                                                                                                                         
**********************************************************************                                                                                                                                                                                                                                                                                                                                                                                                                                                                                                                                                                                                                                                                                                                                                                                                                                                                                                                                                                  
*******************************                                                                                                                                                                                                                                                                                                                                                                                                                                                                                                                                                                                                                                                                                                                                                                                                                                                                                                                                                                                                         
**BEGIN Head.ddck                                                                                                                                                                                                                                                                                                                                                                                                                                                                                                                                                                                                                                                                                                                                                                                                                                                                                                                                                                                                                       
*******************************                                                                                                                                                                                                                                                                                                                                                                                                                                                                                                                                                                                                                                                                                                                                                                                                                                                                                                                                                                                                         
 
*** Fatal Error at time   :         0.000000
    Generated by Unit     : Not applicable or not available
    Generated by Type     : Not applicable or not available
    TRNSYS Message     15 : The referenced EQUATION name was previously defined in the TRNSYS input file. All TRNSYS EQUATION names must be unique. Please modify the EQUATION name and re-run the simulation
    Reported information  : MFRPITESSH_TEEAUXRT_
 
 
*** Warning at time       :         0.000000
    Generated by Unit     : Not applicable or not available
    Generated by Type     : Not applicable or not available
    TRNSYS Message     87 : The TRNSYS Processor recognized the keyword VARIANT after the UNIT-TYPE statement, but no number was recognized.
    Reported information  : Not available
 
 
*** Fatal Error at time   :         0.000000
    Generated by Unit     : Not applicable or not available
    Generated by Type     : Not applicable or not available
    TRNSYS Message     15 : The referenced EQUATION name was previously defined in the TRNSYS input file. All TRNSYS EQUATION names must be unique. Please modify the EQUATION name and re-run the simulation
    Reported information  : MFRPITESDHW_DIVDHWOU
 
 
*** Warning at time       :         0.000000
    Generated by Unit     : Not applicable or not available
    Generated by Type     : Not applicable or not available
    TRNSYS Message     87 : The TRNSYS Processor recognized the keyword VARIANT after the UNIT-TYPE statement, but no number was recognized.
    Reported information  : Not available
 
 
*** Fatal Error at time   :         0.000000
    Generated by Unit     : Not applicable or not available
    Generated by Type     : Not applicable or not available
    TRNSYS Message     15 : The referenced EQUATION name was previously defined in the TRNSYS input file. All TRNSYS EQUATION names must be unique. Please modify the EQUATION name and re-run the simulation
    Reported information  : MFRPITESDHW_DIVDHWOU
 
 
*** Warning at time       :         0.000000
    Generated by Unit     : Not applicable or not available
    Generated by Type     : Not applicable or not available
    TRNSYS Message     87 : The TRNSYS Processor recognized the keyword VARIANT after the UNIT-TYPE statement, but no number was recognized.
    Reported information  : Not available
 
 
*** Fatal Error at time   :         0.000000
    Generated by Unit     : Not applicable or not available
    Generated by Type     : Not applicable or not available
    TRNSYS Message     15 : The referenced EQUATION name was previously defined in the TRNSYS input file. All TRNSYS EQUATION names must be unique. Please modify the EQUATION name and re-run the simulation
    Reported information  : MFRPITESDHW_DIVDHWOU
 
 
*** Warning at time       :         0.000000
    Generated by Unit     : Not applicable or not available
    Generated by Type     : Not applicable or not available
    TRNSYS Message     87 : The TRNSYS Processor recognized the keyword VARIANT after the UNIT-TYPE statement, but no number was recognized.
    Reported information  : Not available
 
 
*** Fatal Error at time   :         0.000000
    Generated by Unit     : Not applicable or not available
    Generated by Type     : Not applicable or not available
    TRNSYS Message     15 : The referenced EQUATION name was previously defined in the TRNSYS input file. All TRNSYS EQUATION names must be unique. Please modify the EQUATION name and re-run the simulation
    Reported information  : MFRPIDIVDHWOUT_HXDHW
 
 
*** Warning at time       :         0.000000
    Generated by Unit     : Not applicable or not available
    Generated by Type     : Not applicable or not available
    TRNSYS Message     87 : The TRNSYS Processor recognized the keyword VARIANT after the UNIT-TYPE statement, but no number was recognized.
    Reported information  : Not available
 
 
*** Fatal Error at time   :         0.000000
    Generated by Unit     : Not applicable or not available
    Generated by Type     : Not applicable or not available
    TRNSYS Message     15 : The referenced EQUATION name was previously defined in the TRNSYS input file. All TRNSYS EQUATION names must be unique. Please modify the EQUATION name and re-run the simulation
    Reported information  : MFRPIDIVDHW_TESDHW_A
 
 
*** Warning at time       :         0.000000
    Generated by Unit     : Not applicable or not available
    Generated by Type     : Not applicable or not available
    TRNSYS Message     87 : The TRNSYS Processor recognized the keyword VARIANT after the UNIT-TYPE statement, but no number was recognized.
    Reported information  : Not available
 
 
*** Fatal Error at time   :         0.000000
    Generated by Unit     : Not applicable or not available
    Generated by Type     : Not applicable or not available
    TRNSYS Message     15 : The referenced EQUATION name was previously defined in the TRNSYS input file. All TRNSYS EQUATION names must be unique. Please modify the EQUATION name and re-run the simulation
    Reported information  : MFRPIDIVDHW_TESDHW_B
 
 
*** Warning at time       :         0.000000
    Generated by Unit     : Not applicable or not available
    Generated by Type     : Not applicable or not available
    TRNSYS Message     87 : The TRNSYS Processor recognized the keyword VARIANT after the UNIT-TYPE statement, but no number was recognized.
    Reported information  : Not available
 
 
*** Fatal Error at time   :         0.000000
    Generated by Unit     : Not applicable or not available
    Generated by Type     : Not applicable or not available
    TRNSYS Message     15 : The referenced EQUATION name was previously defined in the TRNSYS input file. All TRNSYS EQUATION names must be unique. Please modify the EQUATION name and re-run the simulation
    Reported information  : MFRPIMIXSH_RADFLOOR_
 
 
*** Warning at time       :         0.000000
    Generated by Unit     : Not applicable or not available
    Generated by Type     : Not applicable or not available
    TRNSYS Message     87 : The TRNSYS Processor recognized the keyword VARIANT after the UNIT-TYPE statement, but no number was recognized.
    Reported information  : Not available
 
 
*** Fatal Error at time   :         0.000000
    Generated by Unit     : Not applicable or not available
    Generated by Type     : Not applicable or not available
    TRNSYS Message     15 : The referenced EQUATION name was previously defined in the TRNSYS input file. All TRNSYS EQUATION names must be unique. Please modify the EQUATION name and re-run the simulation
    Reported information  : MFRPIHXDHW_TEECIRC1_
 
 
*** Warning at time       :         0.000000
    Generated by Unit     : Not applicable or not available
    Generated by Type     : Not applicable or not available
    TRNSYS Message     87 : The TRNSYS Processor recognized the keyword VARIANT after the UNIT-TYPE statement, but no number was recognized.
    Reported information  : Not available
 
 
*** Fatal Error at time   :         0.000000
    Generated by Unit     : Not applicable or not available
    Generated by Type     : Not applicable or not available
    TRNSYS Message     15 : The referenced EQUATION name was previously defined in the TRNSYS input file. All TRNSYS EQUATION names must be unique. Please modify the EQUATION name and re-run the simulation
    Reported information  : MFRPITEECIRC1_PUCIRC
 
 
*** Warning at time       :         0.000000
    Generated by Unit     : Not applicable or not available
    Generated by Type     : Not applicable or not available
    TRNSYS Message     87 : The TRNSYS Processor recognized the keyword VARIANT after the UNIT-TYPE statement, but no number was recognized.
    Reported information  : Not available
 
 
*** Fatal Error at time   :         0.000000
    Generated by Unit     : Not applicable or not available
    Generated by Type     : Not applicable or not available
    TRNSYS Message     15 : The referenced EQUATION name was previously defined in the TRNSYS input file. All TRNSYS EQUATION names must be unique. Please modify the EQUATION name and re-run the simulation
    Reported information  : MFRPITEECIRC2_HXDHW_
 
 
*** Warning at time       :         0.000000
    Generated by Unit     : Not applicable or not available
    Generated by Type     : Not applicable or not available
    TRNSYS Message     87 : The TRNSYS Processor recognized the keyword VARIANT after the UNIT-TYPE statement, but no number was recognized.
    Reported information  : Not available
 
 
*** Fatal Error at time   :         0.000000
    Generated by Unit     : Not applicable or not available
    Generated by Type     : Not applicable or not available
    TRNSYS Message     15 : The referenced EQUATION name was previously defined in the TRNSYS input file. All TRNSYS EQUATION names must be unique. Please modify the EQUATION name and re-run the simulation
    Reported information  : MFRPIPUCIRC_TEECIRC2
 
 
*** Warning at time       :         0.000000
    Generated by Unit     : Not applicable or not available
    Generated by Type     : Not applicable or not available
    TRNSYS Message     87 : The TRNSYS Processor recognized the keyword VARIANT after the UNIT-TYPE statement, but no number was recognized.
    Reported information  : Not available
 
 
*** Fatal Error at time   :         0.000000
    Generated by Unit     : Not applicable or not available
    Generated by Type     : Not applicable or not available
    TRNSYS Message     15 : The referenced EQUATION name was previously defined in the TRNSYS input file. All TRNSYS EQUATION names must be unique. Please modify the EQUATION name and re-run the simulation
    Reported information  : MFRPITESDHW_TEEAUXRT
 
 
*** Warning at time       :         0.000000
    Generated by Unit     : Not applicable or not available
    Generated by Type     : Not applicable or not available
    TRNSYS Message     87 : The TRNSYS Processor recognized the keyword VARIANT after the UNIT-TYPE statement, but no number was recognized.
    Reported information  : Not available
 



**********************************************************************                                                                                                                                                                                                                                                                                                                                                                                                                                                                                                                                                                                                                                                                                                                                                                                                                                                                                                                                                                  
** head.ddck from C:\GIT\pytrnsys_gui\data\examples\PvAshpDhwShMfh\ddck\generic                                                                                                                                                                                                                                                                                                                                                                                                                                                                                                                                                                                                                                                                                                                                                                                                                                                                                                                                                         
**********************************************************************                                                                                                                                                                                                                                                                                                                                                                                                                                                                                                                                                                                                                                                                                                                                                                                                                                                                                                                                                                  
*******************************                                                                                                                                                                                                                                                                                                                                                                                                                                                                                                                                                                                                                                                                                                                                                                                                                                                                                                                                                                                                         
**BEGIN Head.ddck                                                                                                                                                                                                                                                                                                                                                                                                                                                                                                                                                                                                                                                                                                                                                                                                                                                                                                                                                                                                                       
*******************************                                                                                                                                                                                                                                                                                                                                                                                                                                                                                                                                                                                                                                                                                                                                                                                                                                                                                                                                                                                                         


*********************************************************************************************************
The Following UNIT Numbers, TYPE Numbers, and Logical Units Were Used in the Supplied TRNSYS Input File: 
                                                         4
                                                         6
                                                         9


*********************************************************************************************************
Total TRNSYS Calculation Time:                          0.5600 Seconds
