            TRNSYS - the TRaNsient SYstem Simulation program

   The Solar Energy Lab at the University of Wisconsin - Madison, USA
Le Centre Scientifique et Technique du Batiment, Sophia Antipolis, France
           Transsolar Energietechnik GmBH, Stuttgart, Germany
        Thermal Energy System Specialists, LLC, Madison Wisconsin, USA

                           Release 18.05.0001
                           User ID  18-D0213

Simulation log for: "C:\Daten\GIT\pytrnsys_gui\data\examples\SOLAR_ASHP_COMBITES_SFH45\SOLAR_ASHP_COMBITES_SFH45_mfs.dck"
 
*** Notice at time        :         0.000000
    Generated by Unit     : Not applicable or not available
    Generated by Type     : Not applicable or not available
    Message               : The TRNSYS Executable (TRNExe.exe) and main DLL (TRNDll.dll) are located in "C:\TRNSYS18_32Bit\TRNSYS18\Exe"
 
*** Notice at time        :         0.000000
    Generated by Unit     : Not applicable or not available
    Generated by Type     : Not applicable or not available
    TRNSYS Message     90 : TRNDll.dll is compiled in release mode. External DLLs will be loaded from the .\UserLib\ReleaseDLLs\ directory.
    Reported information  : Not available
 
*** Notice at time        :         0.000000
    Generated by Unit     : Not applicable or not available
    Generated by Type     : Not applicable or not available
    Message               : The following Types were loaded from TRNDll.dll: Type25
 
*** Notice at time        :         0.000000
    Generated by Unit     : Not applicable or not available
    Generated by Type     : Not applicable or not available
    Message               : "atype1792_v11-rel.dll" was found but did not contain any components from the input file.
 
*** Notice at time        :         0.000000
    Generated by Unit     : Not applicable or not available
    Generated by Type     : Not applicable or not available
    Message               : "atype1924_v38-rel.dll" was found but did not contain any components from the input file.
 
*** Notice at time        :         0.000000
    Generated by Unit     : Not applicable or not available
    Generated by Type     : Not applicable or not available
    Message               : "atype1925-dc_v38-rel.dll" was found but did not contain any components from the input file.
 
*** Notice at time        :         0.000000
    Generated by Unit     : Not applicable or not available
    Generated by Type     : Not applicable or not available
    Message               : "atype1925_v38-rel.dll" was found but did not contain any components from the input file.
 
*** Notice at time        :         0.000000
    Generated by Unit     : Not applicable or not available
    Generated by Type     : Not applicable or not available
    Message               : The following Types were loaded from "atype2221-fortrnsys-main-6d2d257-release.dll": Type2221
 
*** Notice at time        :         0.000000
    Generated by Unit     : Not applicable or not available
    Generated by Type     : Not applicable or not available
    Message               : "atype320_v1-rel.dll" was found but did not contain any components from the input file.
 
*** Notice at time        :         0.000000
    Generated by Unit     : Not applicable or not available
    Generated by Type     : Not applicable or not available
    Message               : "aType358.dll" was found but did not contain any components from the input file.
 
*** Notice at time        :         0.000000
    Generated by Unit     : Not applicable or not available
    Generated by Type     : Not applicable or not available
    Message               : "aType3621-dc_v01-deb.dll" was found but did not contain any components from the input file.
 
*** Notice at time        :         0.000000
    Generated by Unit     : Not applicable or not available
    Generated by Type     : Not applicable or not available
    Message               : "aType3621-dc_v01-rel.dll" was found but did not contain any components from the input file.
 
*** Notice at time        :         0.000000
    Generated by Unit     : Not applicable or not available
    Generated by Type     : Not applicable or not available
    Message               : "aType451_v40-rel.dll" was found but did not contain any components from the input file.
 
*** Notice at time        :         0.000000
    Generated by Unit     : Not applicable or not available
    Generated by Type     : Not applicable or not available
    Message               : "atype5998-fortranTypes-master-fd345a17-release.dll" was found but did not contain any components from the input file.
 
*** Notice at time        :         0.000000
    Generated by Unit     : Not applicable or not available
    Generated by Type     : Not applicable or not available
    Message               : "atype5998_v34-rel.dll" was found but did not contain any components from the input file.
 
*** Notice at time        :         0.000000
    Generated by Unit     : Not applicable or not available
    Generated by Type     : Not applicable or not available
    Message               : "atype709_v11-rel.dll" was found but did not contain any components from the input file.
 
*** Notice at time        :         0.000000
    Generated by Unit     : Not applicable or not available
    Generated by Type     : Not applicable or not available
    Message               : The following Types were loaded from "aType811_v2-rel.dll": Type811
 
*** Notice at time        :         0.000000
    Generated by Unit     : Not applicable or not available
    Generated by Type     : Not applicable or not available
    Message               : "aType816_v1-rel.dll" was found but did not contain any components from the input file.
 
*** Notice at time        :         0.000000
    Generated by Unit     : Not applicable or not available
    Generated by Type     : Not applicable or not available
    Message               : "aType817_v1-rel.dll" was found but did not contain any components from the input file.
 
*** Notice at time        :         0.000000
    Generated by Unit     : Not applicable or not available
    Generated by Type     : Not applicable or not available
    Message               : "aType820_v_0_1.dll" was found but did not contain any components from the input file.
 
*** Notice at time        :         0.000000
    Generated by Unit     : Not applicable or not available
    Generated by Type     : Not applicable or not available
    Message               : "aType833_v51-rel.dll" was found but did not contain any components from the input file.
 
*** Notice at time        :         0.000000
    Generated by Unit     : Not applicable or not available
    Generated by Type     : Not applicable or not available
    Message               : "atype861-fortrnsys-main-6d2d257-release.dll" was found but did not contain any components from the input file.
 
*** Notice at time        :         0.000000
    Generated by Unit     : Not applicable or not available
    Generated by Type     : Not applicable or not available
    Message               : "atype862_v10-rel.dll" was found but did not contain any components from the input file.
 
*** Notice at time        :         0.000000
    Generated by Unit     : Not applicable or not available
    Generated by Type     : Not applicable or not available
    Message               : "atype863_v50-rel.dll" was found but did not contain any components from the input file.
 
*** Notice at time        :         0.000000
    Generated by Unit     : Not applicable or not available
    Generated by Type     : Not applicable or not available
    Message               : "atype888-v11-rel.dll" was found but did not contain any components from the input file.
 
*** Notice at time        :         0.000000
    Generated by Unit     : Not applicable or not available
    Generated by Type     : Not applicable or not available
    Message               : "aType889_v1-rel.dll" was found but did not contain any components from the input file.
 
*** Notice at time        :         0.000000
    Generated by Unit     : Not applicable or not available
    Generated by Type     : Not applicable or not available
    Message               : "atype899-fortrnsys-main-6d2d257-release.dll" was found but did not contain any components from the input file.
 
*** Notice at time        :         0.000000
    Generated by Unit     : Not applicable or not available
    Generated by Type     : Not applicable or not available
    Message               : The following Types were loaded from "aType929_v10-rel.dll": Type929
 
*** Notice at time        :         0.000000
    Generated by Unit     : Not applicable or not available
    Generated by Type     : Not applicable or not available
    Message               : The following Types were loaded from "atype931-fortrnsys-main-6d2d257-release.dll": Type931
 
*** Notice at time        :         0.000000
    Generated by Unit     : Not applicable or not available
    Generated by Type     : Not applicable or not available
    Message               : "aType9351-fortrnsys-main-427ad11.dll" was found but did not contain any components from the input file.
 
*** Notice at time        :         0.000000
    Generated by Unit     : Not applicable or not available
    Generated by Type     : Not applicable or not available
    Message               : The following Types were loaded from "aType9352-fortrnsys-main-6d2d257-release.dll": Type9352
 
*** Notice at time        :         0.000000
    Generated by Unit     : Not applicable or not available
    Generated by Type     : Not applicable or not available
    Message               : "aType935_v23-rel.dll" was found but did not contain any components from the input file.
 
*** Notice at time        :         0.000000
    Generated by Unit     : Not applicable or not available
    Generated by Type     : Not applicable or not available
    Message               : "atype9511-fortranTypes-master-fd345a17-release.dll" was found but did not contain any components from the input file.
 
*** Notice at time        :         0.000000
    Generated by Unit     : Not applicable or not available
    Generated by Type     : Not applicable or not available
    Message               : "aType951_v15-rel.dll" was found but did not contain any components from the input file.
 
*** Notice at time        :         0.000000
    Generated by Unit     : Not applicable or not available
    Generated by Type     : Not applicable or not available
    Message               : "atype977_v43-rel.dll" was found but did not contain any components from the input file.
 
*** Notice at time        :         0.000000
    Generated by Unit     : Not applicable or not available
    Generated by Type     : Not applicable or not available
    Message               : "atype978-v43-rel.dll" was found but did not contain any components from the input file.
 
*** Notice at time        :         0.000000
    Generated by Unit     : Not applicable or not available
    Generated by Type     : Not applicable or not available
    Message               : "atype979_v10-rel.dll" was found but did not contain any components from the input file.
 
*** Notice at time        :         0.000000
    Generated by Unit     : Not applicable or not available
    Generated by Type     : Not applicable or not available
    Message               : "aType980v1rel.dll" was found but did not contain any components from the input file.
 
*** Notice at time        :         0.000000
    Generated by Unit     : Not applicable or not available
    Generated by Type     : Not applicable or not available
    Message               : "aType982v2rel.dll" was found but did not contain any components from the input file.
 
*** Notice at time        :         0.000000
    Generated by Unit     : Not applicable or not available
    Generated by Type     : Not applicable or not available
    Message               : "atype985dc_v10-rel.dll" was found but did not contain any components from the input file.
 
*** Notice at time        :         0.000000
    Generated by Unit     : Not applicable or not available
    Generated by Type     : Not applicable or not available
    Message               : "atype991-fortrnsys-main-cb5004f-release.dll" was found but did not contain any components from the input file.
 
*** Notice at time        :         0.000000
    Generated by Unit     : Not applicable or not available
    Generated by Type     : Not applicable or not available
    Message               : The following Types were loaded from "aType993-fortrnsys-main-6d2d257-release.dll": Type993
 
*** Notice at time        :         0.000000
    Generated by Unit     : Not applicable or not available
    Generated by Type     : Not applicable or not available
    Message               : "DS_Illuminance.dll" was found but did not contain any components from the input file.
 
*** Notice at time        :         0.000000
    Generated by Unit     : Not applicable or not available
    Generated by Type     : Not applicable or not available
    Message               : "NISTSteam32.dll" was found but did not contain any components from the input file.
 
*** Notice at time        :         0.000000
    Generated by Unit     : Not applicable or not available
    Generated by Type     : Not applicable or not available
    Message               : "TESSApplicationsLibrary_v17.2.01_Release.dll" was found but did not contain any components from the input file.
 
*** Notice at time        :         0.000000
    Generated by Unit     : Not applicable or not available
    Generated by Type     : Not applicable or not available
    Message               : "TESSArchiveDLL_v17.2.01_Release.dll" was found but did not contain any components from the input file.
 
*** Notice at time        :         0.000000
    Generated by Unit     : Not applicable or not available
    Generated by Type     : Not applicable or not available
    Message               : "TESSCogenLibrary_v17.2.01_Release.dll" was found but did not contain any components from the input file.
 
*** Notice at time        :         0.000000
    Generated by Unit     : Not applicable or not available
    Generated by Type     : Not applicable or not available
    Message               : "TESSControllersLibrary_v17.2.01_Release.dll" was found but did not contain any components from the input file.
 
*** Notice at time        :         0.000000
    Generated by Unit     : Not applicable or not available
    Generated by Type     : Not applicable or not available
    Message               : "TESSElectricalLibrary_v17.2.01_Release.dll" was found but did not contain any components from the input file.
 
*** Notice at time        :         0.000000
    Generated by Unit     : Not applicable or not available
    Generated by Type     : Not applicable or not available
    Message               : "TESSGHPLibrary_v17.2.01_Release.dll" was found but did not contain any components from the input file.
 
*** Notice at time        :         0.000000
    Generated by Unit     : Not applicable or not available
    Generated by Type     : Not applicable or not available
    Message               : "TESSGroundCouplingLibrary_v17.2.01_Release.dll" was found but did not contain any components from the input file.
 
*** Notice at time        :         0.000000
    Generated by Unit     : Not applicable or not available
    Generated by Type     : Not applicable or not available
    Message               : "TESSGroundCouplingType1244_v17.2.01_Release.dll" was found but did not contain any components from the input file.
 
*** Notice at time        :         0.000000
    Generated by Unit     : Not applicable or not available
    Generated by Type     : Not applicable or not available
    Message               : "TESSGroundCouplingType1255_v17.2.01_Release.dll" was found but did not contain any components from the input file.
 
*** Notice at time        :         0.000000
    Generated by Unit     : Not applicable or not available
    Generated by Type     : Not applicable or not available
    Message               : "TESSGroundCouplingType1256_v17.2.01_Release.dll" was found but did not contain any components from the input file.
 
*** Notice at time        :         0.000000
    Generated by Unit     : Not applicable or not available
    Generated by Type     : Not applicable or not available
    Message               : "TESSGroundCouplingType957_v17.2.01_Release.dll" was found but did not contain any components from the input file.
 
*** Notice at time        :         0.000000
    Generated by Unit     : Not applicable or not available
    Generated by Type     : Not applicable or not available
    Message               : "TESSGroundCouplingType993_v17.2.01_Release.dll" was found but did not contain any components from the input file.
 
*** Notice at time        :         0.000000
    Generated by Unit     : Not applicable or not available
    Generated by Type     : Not applicable or not available
    Message               : "TESSHTSLibrary_v17.2.01_Release.dll" was found but did not contain any components from the input file.
 
*** Warning at time       :         0.000000
    Generated by Unit     : Not applicable or not available
    Generated by Type     :   929
    TRNSYS Message    200 : This TYPE was found in more than one DLL. The first instance of the TYPE was loaded. Subsequent instances have been ignored
    Reported information  : A duplicate of TYPE929 was found in "TESSHVACLibrary_v17.2.01_Release.dll"
 
*** Notice at time        :         0.000000
    Generated by Unit     : Not applicable or not available
    Generated by Type     : Not applicable or not available
    Message               : The following Types were loaded from "TESSHVACLibrary_v17.2.01_Release.dll":
 
*** Notice at time        :         0.000000
    Generated by Unit     : Not applicable or not available
    Generated by Type     : Not applicable or not available
    Message               : "TESSHydronics_v17.2.01_Release.dll" was found but did not contain any components from the input file.
 
*** Notice at time        :         0.000000
    Generated by Unit     : Not applicable or not available
    Generated by Type     : Not applicable or not available
    Message               : "TESSLoadsStructuresLibrary_v17.2.01_Release.dll" was found but did not contain any components from the input file.
 
*** Notice at time        :         0.000000
    Generated by Unit     : Not applicable or not available
    Generated by Type     : Not applicable or not available
    Message               : "TESSOptimizationLibrary_v17.2.01_Release.dll" was found but did not contain any components from the input file.
 
*** Notice at time        :         0.000000
    Generated by Unit     : Not applicable or not available
    Generated by Type     : Not applicable or not available
    Message               : "TESSSolarLibrary_v17.2.01_Release.dll" was found but did not contain any components from the input file.
 
*** Notice at time        :         0.000000
    Generated by Unit     : Not applicable or not available
    Generated by Type     : Not applicable or not available
    Message               : "TESSStorageLibrary_v17.2.01_Release.dll" was found but did not contain any components from the input file.
 
*** Notice at time        :         0.000000
    Generated by Unit     : Not applicable or not available
    Generated by Type     : Not applicable or not available
    Message               : "TESSUtilityLibrary_v17.2.01_Release.dll" was found but did not contain any components from the input file.
 
*** Notice at time        :         0.000000
    Generated by Unit     : Not applicable or not available
    Generated by Type     : Not applicable or not available
    Message               : "Type159.dll" was found but did not contain any components from the input file.
 
*** Notice at time        :         0.000000
    Generated by Unit     : Not applicable or not available
    Generated by Type     : Not applicable or not available
    Message               : "Type169.dll" was found but did not contain any components from the input file.
 
*** Notice at time        :         0.000000
    Generated by Unit     : Not applicable or not available
    Generated by Type     : Not applicable or not available
    Message               : "Type201_bs.dll" was found but did not contain any components from the input file.
 
*** Notice at time        :         0.000000
    Generated by Unit     : Not applicable or not available
    Generated by Type     : Not applicable or not available
    Message               : "type222-fortrnsys-main-ca397ed-release.dll" was found but did not contain any components from the input file.
 
*** Notice at time        :         0.000000
    Generated by Unit     : Not applicable or not available
    Generated by Type     : Not applicable or not available
    Message               : "Type342_x32.dll" was found but did not contain any components from the input file.
 
*** Notice at time        :         0.000000
    Generated by Unit     : Not applicable or not available
    Generated by Type     : Not applicable or not available
    Message               : "Type343_x32.dll" was found but did not contain any components from the input file.
 
*** Notice at time        :         0.000000
    Generated by Unit     : Not applicable or not available
    Generated by Type     : Not applicable or not available
    Message               : "Type56.dll" was found but did not contain any components from the input file.
 
*** Notice at time        :         0.000000
    Generated by Unit     : Not applicable or not available
    Generated by Type     : Not applicable or not available
    Message               : "Type76Lib.dll" was found but did not contain any components from the input file.
 
*** Notice at time        :         0.000000
    Generated by Unit     : Not applicable or not available
    Generated by Type     : Not applicable or not available
    Message               : "Type82Lib.dll" was found but did not contain any components from the input file.
 
*** Notice at time        :         0.000000
    Generated by Unit     : Not applicable or not available
    Generated by Type     : Not applicable or not available
    TRNSYS Message    199 : TRNSYS found at least one user DLL in the UserLib directory. (Note: Only DLL's including Types that are used in the simulation are loaded)
    Reported information  : 7 user DLLs were loaded after searching in "C:\TRNSYS18_32Bit\TRNSYS18\UserLib\ReleaseDLLs"
 
*** Warning at time       :         1.000000
    Generated by Unit     :   453
    Generated by Type     :   931
    Message               : The pipe model has reported that the flow rate through the pipe during at least one of the timesteps was greater than the capacity of the pipe.  Users should be aware that at least one component in a closed piping loop should contain enough capacitance to hold at least one timesteps worth of fluid or a run-away solution may be encountered.
 
*** Warning at time       :         1.000000
    Generated by Unit     :   456
    Generated by Type     :   931
    Message               : The pipe model has reported that the flow rate through the pipe during at least one of the timesteps was greater than the capacity of the pipe.  Users should be aware that at least one component in a closed piping loop should contain enough capacitance to hold at least one timesteps worth of fluid or a run-away solution may be encountered.
 
*** Warning at time       :         1.000000
    Generated by Unit     :   458
    Generated by Type     :   931
    Message               : The pipe model has reported that the flow rate through the pipe during at least one of the timesteps was greater than the capacity of the pipe.  Users should be aware that at least one component in a closed piping loop should contain enough capacitance to hold at least one timesteps worth of fluid or a run-away solution may be encountered.
 
*** Warning at time       :         1.000000
    Generated by Unit     :   460
    Generated by Type     :   931
    Message               : The pipe model has reported that the flow rate through the pipe during at least one of the timesteps was greater than the capacity of the pipe.  Users should be aware that at least one component in a closed piping loop should contain enough capacitance to hold at least one timesteps worth of fluid or a run-away solution may be encountered.
 
*** Warning at time       :         1.000000
    Generated by Unit     :   463
    Generated by Type     :   931
    Message               : The pipe model has reported that the flow rate through the pipe during at least one of the timesteps was greater than the capacity of the pipe.  Users should be aware that at least one component in a closed piping loop should contain enough capacitance to hold at least one timesteps worth of fluid or a run-away solution may be encountered.
 
*** Warning at time       :         1.000000
    Generated by Unit     :   464
    Generated by Type     :   931
    Message               : The pipe model has reported that the flow rate through the pipe during at least one of the timesteps was greater than the capacity of the pipe.  Users should be aware that at least one component in a closed piping loop should contain enough capacitance to hold at least one timesteps worth of fluid or a run-away solution may be encountered.
 
*** Warning at time       :         1.000000
    Generated by Unit     :   465
    Generated by Type     :   931
    Message               : The pipe model has reported that the flow rate through the pipe during at least one of the timesteps was greater than the capacity of the pipe.  Users should be aware that at least one component in a closed piping loop should contain enough capacitance to hold at least one timesteps worth of fluid or a run-away solution may be encountered.
 
*** Warning at time       :         1.000000
    Generated by Unit     :   466
    Generated by Type     :   931
    Message               : The pipe model has reported that the flow rate through the pipe during at least one of the timesteps was greater than the capacity of the pipe.  Users should be aware that at least one component in a closed piping loop should contain enough capacitance to hold at least one timesteps worth of fluid or a run-away solution may be encountered.
 
*** Warning at time       :         1.000000
    Generated by Unit     :   467
    Generated by Type     :   931
    Message               : The pipe model has reported that the flow rate through the pipe during at least one of the timesteps was greater than the capacity of the pipe.  Users should be aware that at least one component in a closed piping loop should contain enough capacitance to hold at least one timesteps worth of fluid or a run-away solution may be encountered.
 
*** Warning at time       :         1.000000
    Generated by Unit     :   468
    Generated by Type     :   931
    Message               : The pipe model has reported that the flow rate through the pipe during at least one of the timesteps was greater than the capacity of the pipe.  Users should be aware that at least one component in a closed piping loop should contain enough capacitance to hold at least one timesteps worth of fluid or a run-away solution may be encountered.
 
*** Warning at time       :         1.000000
    Generated by Unit     :   470
    Generated by Type     :   931
    Message               : The pipe model has reported that the flow rate through the pipe during at least one of the timesteps was greater than the capacity of the pipe.  Users should be aware that at least one component in a closed piping loop should contain enough capacitance to hold at least one timesteps worth of fluid or a run-away solution may be encountered.
 
*** Warning at time       :         1.000000
    Generated by Unit     :   471
    Generated by Type     :   931
    Message               : The pipe model has reported that the flow rate through the pipe during at least one of the timesteps was greater than the capacity of the pipe.  Users should be aware that at least one component in a closed piping loop should contain enough capacitance to hold at least one timesteps worth of fluid or a run-away solution may be encountered.
 
*** Warning at time       :         1.000000
    Generated by Unit     :   474
    Generated by Type     :   931
    Message               : The pipe model has reported that the flow rate through the pipe during at least one of the timesteps was greater than the capacity of the pipe.  Users should be aware that at least one component in a closed piping loop should contain enough capacitance to hold at least one timesteps worth of fluid or a run-away solution may be encountered.
 
*** Warning at time       :         1.000000
    Generated by Unit     :   475
    Generated by Type     :   931
    Message               : The pipe model has reported that the flow rate through the pipe during at least one of the timesteps was greater than the capacity of the pipe.  Users should be aware that at least one component in a closed piping loop should contain enough capacitance to hold at least one timesteps worth of fluid or a run-away solution may be encountered.
 
*** Warning at time       :         1.000000
    Generated by Unit     :   477
    Generated by Type     :   931
    Message               : The pipe model has reported that the flow rate through the pipe during at least one of the timesteps was greater than the capacity of the pipe.  Users should be aware that at least one component in a closed piping loop should contain enough capacitance to hold at least one timesteps worth of fluid or a run-away solution may be encountered.
 
*** Warning at time       :         1.000000
    Generated by Unit     :   478
    Generated by Type     :   931
    Message               : The pipe model has reported that the flow rate through the pipe during at least one of the timesteps was greater than the capacity of the pipe.  Users should be aware that at least one component in a closed piping loop should contain enough capacitance to hold at least one timesteps worth of fluid or a run-away solution may be encountered.
 
*** Warning at time       :         1.000000
    Generated by Unit     :   479
    Generated by Type     :   931
    Message               : The pipe model has reported that the flow rate through the pipe during at least one of the timesteps was greater than the capacity of the pipe.  Users should be aware that at least one component in a closed piping loop should contain enough capacitance to hold at least one timesteps worth of fluid or a run-away solution may be encountered.
 
*** End of the simulation
    Total Notices         :        74
    Total Warnings        :        18
    Total Fatal Errors    :         0
 
    Total TRNSYS Calculation Time     :            15.9200 seconds
    Calculation time inside the Types :             0.0000 seconds
 
    TRNSYS Calculation Time Breakdown by Unit Number
    Unit   441 :           0.000000 seconds
    Unit   442 :           0.000000 seconds
    Unit   450 :           0.000000 seconds
    Unit   451 :           0.000000 seconds
    Unit   452 :           0.000000 seconds
    Unit   453 :           0.000000 seconds
    Unit   454 :           0.000000 seconds
    Unit   455 :           0.000000 seconds
    Unit   456 :           0.000000 seconds
    Unit   457 :           0.000000 seconds
    Unit   458 :           0.000000 seconds
    Unit   459 :           0.000000 seconds
    Unit   460 :           0.000000 seconds
    Unit   461 :           0.000000 seconds
    Unit   462 :           0.000000 seconds
    Unit   463 :           0.000000 seconds
    Unit   464 :           0.000000 seconds
    Unit   465 :           0.000000 seconds
    Unit   466 :           0.000000 seconds
    Unit   467 :           0.000000 seconds
    Unit   468 :           0.000000 seconds
    Unit   469 :           0.000000 seconds
    Unit   470 :           0.000000 seconds
    Unit   471 :           0.000000 seconds
    Unit   472 :           0.000000 seconds
    Unit   473 :           0.000000 seconds
    Unit   474 :           0.000000 seconds
    Unit   475 :           0.000000 seconds
    Unit   476 :           0.000000 seconds
    Unit   477 :           0.000000 seconds
    Unit   478 :           0.000000 seconds
    Unit   479 :           0.000000 seconds
    Unit   480 :           0.000000 seconds
    Unit   100 :           0.000000 seconds
    Unit   481 :           0.000000 seconds
    Unit   482 :           0.000000 seconds
 
    TRNSYS Calculation Time Breakdown by Type Number
    Type    25 :           0.000000 seconds
    Type   811 :           0.000000 seconds
    Type   929 :           0.000000 seconds
    Type   931 :           0.000000 seconds
    Type   993 :           0.000000 seconds
    Type  2221 :           0.000000 seconds
    Type  9352 :           0.000000 seconds
 
    TRNSYS Iterative Call Breakdown by Unit Number
    Unit   441 :                 93 calls
    Unit   442 :                 93 calls
    Unit   450 :                 63 calls
    Unit   451 :                 98 calls
    Unit   452 :                 68 calls
    Unit   453 :                 68 calls
    Unit   454 :                 95 calls
    Unit   455 :                 95 calls
    Unit   456 :                 65 calls
    Unit   457 :                 95 calls
    Unit   458 :                 65 calls
    Unit   459 :                 68 calls
    Unit   460 :                 65 calls
    Unit   461 :                 98 calls
    Unit   462 :                 68 calls
    Unit   463 :                 68 calls
    Unit   464 :                 65 calls
    Unit   465 :                 67 calls
    Unit   466 :                 65 calls
    Unit   467 :                 65 calls
    Unit   468 :                 68 calls
    Unit   469 :                 67 calls
    Unit   470 :                 67 calls
    Unit   471 :                 65 calls
    Unit   472 :                 65 calls
    Unit   473 :                 95 calls
    Unit   474 :                 65 calls
    Unit   475 :                 65 calls
    Unit   476 :                 68 calls
    Unit   477 :                 65 calls
    Unit   478 :                 63 calls
    Unit   479 :                 65 calls
    Unit   480 :                 65 calls
    Unit   100 :                 67 calls
    Unit   481 :                 33 calls
    Unit   482 :                 33 calls
